2022-09-30 03:42:44 -- WARN  -- [main] -- c.a.cloud.nacos.client.NacosPropertySourceBuilder Line:87  --- Ignore the empty nacos configuration and get it based on dataId[joyadata-cms-cindasc] & group[DEFAULT_GROUP] 
2022-09-30 03:42:44 -- WARN  -- [main] -- c.a.cloud.nacos.client.NacosPropertySourceBuilder Line:87  --- Ignore the empty nacos configuration and get it based on dataId[joyadata-cms-cindasc.properties] & group[DEFAULT_GROUP] 
2022-09-30 03:42:44 -- WARN  -- [main] -- c.a.cloud.nacos.client.NacosPropertySourceBuilder Line:87  --- Ignore the empty nacos configuration and get it based on dataId[joyadata-cms-cindasc-dev.properties] & group[DEFAULT_GROUP] 
2022-09-30 03:42:46 -- WARN  -- [main] -- org.mybatis.spring.mapper.ClassPathMapperScanner Line:44  --- Skipping MapperFactoryBean with name 'IQueryResultLabelMapper' and 'com.joyadata.cms.mapper.IQueryResultLabelMapper' mapperInterface. Bean already defined with the same name! 
2022-09-30 03:42:46 -- WARN  -- [main] -- org.mybatis.spring.mapper.ClassPathMapperScanner Line:44  --- Skipping MapperFactoryBean with name 'ITestSqlMapper' and 'com.joyadata.cms.mapper.ITestSqlMapper' mapperInterface. Bean already defined with the same name! 
2022-09-30 03:42:46 -- WARN  -- [main] -- org.mybatis.spring.mapper.ClassPathMapperScanner Line:44  --- Skipping MapperFactoryBean with name 'IRoleMapper' and 'com.joyadata.cms.mapper.IRoleMapper' mapperInterface. Bean already defined with the same name! 
2022-09-30 03:42:46 -- WARN  -- [main] -- org.mybatis.spring.mapper.ClassPathMapperScanner Line:44  --- Skipping MapperFactoryBean with name 'IMenuMapper' and 'com.joyadata.cms.mapper.IMenuMapper' mapperInterface. Bean already defined with the same name! 
2022-09-30 03:42:46 -- WARN  -- [main] -- org.mybatis.spring.mapper.ClassPathMapperScanner Line:44  --- Skipping MapperFactoryBean with name 'IRolePermissionMappingMapper' and 'com.joyadata.cms.mapper.IRolePermissionMappingMapper' mapperInterface. Bean already defined with the same name! 
2022-09-30 03:42:46 -- WARN  -- [main] -- org.mybatis.spring.mapper.ClassPathMapperScanner Line:44  --- Skipping MapperFactoryBean with name 'IRoleMenuMappingMapper' and 'com.joyadata.cms.mapper.IRoleMenuMappingMapper' mapperInterface. Bean already defined with the same name! 
2022-09-30 03:42:46 -- WARN  -- [main] -- org.mybatis.spring.mapper.ClassPathMapperScanner Line:44  --- Skipping MapperFactoryBean with name 'IDeptMapper' and 'com.joyadata.cms.mapper.IDeptMapper' mapperInterface. Bean already defined with the same name! 
2022-09-30 03:42:46 -- WARN  -- [main] -- org.mybatis.spring.mapper.ClassPathMapperScanner Line:44  --- Skipping MapperFactoryBean with name 'IResumeMapper' and 'com.joyadata.cms.mapper.IResumeMapper' mapperInterface. Bean already defined with the same name! 
2022-09-30 03:42:46 -- WARN  -- [main] -- org.mybatis.spring.mapper.ClassPathMapperScanner Line:44  --- Skipping MapperFactoryBean with name 'IOne2OneMapper' and 'com.joyadata.cms.mapper.IOne2OneMapper' mapperInterface. Bean already defined with the same name! 
2022-09-30 03:42:46 -- WARN  -- [main] -- org.mybatis.spring.mapper.ClassPathMapperScanner Line:44  --- Skipping MapperFactoryBean with name 'IApprovalRevokeRecordMapper' and 'com.joyadata.cms.mapper.IApprovalRevokeRecordMapper' mapperInterface. Bean already defined with the same name! 
2022-09-30 03:42:46 -- WARN  -- [main] -- org.mybatis.spring.mapper.ClassPathMapperScanner Line:44  --- Skipping MapperFactoryBean with name 'IOneMapper' and 'com.joyadata.cms.mapper.IOneMapper' mapperInterface. Bean already defined with the same name! 
2022-09-30 03:42:46 -- WARN  -- [main] -- org.mybatis.spring.mapper.ClassPathMapperScanner Line:44  --- Skipping MapperFactoryBean with name 'ITaskWarnMapper' and 'com.joyadata.cms.mapper.ITaskWarnMapper' mapperInterface. Bean already defined with the same name! 
2022-09-30 03:42:46 -- WARN  -- [main] -- org.mybatis.spring.mapper.ClassPathMapperScanner Line:44  --- Skipping MapperFactoryBean with name 'IApprovalProcessMapper' and 'com.joyadata.cms.mapper.IApprovalProcessMapper' mapperInterface. Bean already defined with the same name! 
2022-09-30 03:42:46 -- WARN  -- [main] -- org.mybatis.spring.mapper.ClassPathMapperScanner Line:44  --- Skipping MapperFactoryBean with name 'IQueryParamMapper' and 'com.joyadata.cms.mapper.IQueryParamMapper' mapperInterface. Bean already defined with the same name! 
2022-09-30 03:42:46 -- WARN  -- [main] -- org.mybatis.spring.mapper.ClassPathMapperScanner Line:44  --- Skipping MapperFactoryBean with name 'IRoleUserMappingMapper' and 'com.joyadata.cms.mapper.IRoleUserMappingMapper' mapperInterface. Bean already defined with the same name! 
2022-09-30 03:42:46 -- WARN  -- [main] -- org.mybatis.spring.mapper.ClassPathMapperScanner Line:44  --- Skipping MapperFactoryBean with name 'IApprovalCategoryMapper' and 'com.joyadata.cms.mapper.IApprovalCategoryMapper' mapperInterface. Bean already defined with the same name! 
2022-09-30 03:42:46 -- WARN  -- [main] -- org.mybatis.spring.mapper.ClassPathMapperScanner Line:44  --- Skipping MapperFactoryBean with name 'IRoleDirMappingMapper' and 'com.joyadata.cms.mapper.IRoleDirMappingMapper' mapperInterface. Bean already defined with the same name! 
2022-09-30 03:42:46 -- WARN  -- [main] -- org.mybatis.spring.mapper.ClassPathMapperScanner Line:44  --- Skipping MapperFactoryBean with name 'IWorkNoticeMapper' and 'com.joyadata.cms.mapper.IWorkNoticeMapper' mapperInterface. Bean already defined with the same name! 
2022-09-30 03:42:46 -- WARN  -- [main] -- org.mybatis.spring.mapper.ClassPathMapperScanner Line:44  --- Skipping MapperFactoryBean with name 'IApprovalSponsorRecordMapper' and 'com.joyadata.cms.mapper.IApprovalSponsorRecordMapper' mapperInterface. Bean already defined with the same name! 
2022-09-30 03:42:46 -- WARN  -- [main] -- org.mybatis.spring.mapper.ClassPathMapperScanner Line:44  --- Skipping MapperFactoryBean with name 'IApprovalNodeRecordMapper' and 'com.joyadata.cms.mapper.IApprovalNodeRecordMapper' mapperInterface. Bean already defined with the same name! 
2022-09-30 03:42:46 -- WARN  -- [main] -- org.mybatis.spring.mapper.ClassPathMapperScanner Line:44  --- Skipping MapperFactoryBean with name 'IApprovalProcessAuditorMapper' and 'com.joyadata.cms.mapper.IApprovalProcessAuditorMapper' mapperInterface. Bean already defined with the same name! 
2022-09-30 03:42:46 -- WARN  -- [main] -- org.mybatis.spring.mapper.ClassPathMapperScanner Line:44  --- Skipping MapperFactoryBean with name 'IWorkTodoMapper' and 'com.joyadata.cms.mapper.IWorkTodoMapper' mapperInterface. Bean already defined with the same name! 
2022-09-30 03:42:46 -- WARN  -- [main] -- org.mybatis.spring.mapper.ClassPathMapperScanner Line:44  --- Skipping MapperFactoryBean with name 'IQueryApiMapper' and 'com.joyadata.cms.mapper.IQueryApiMapper' mapperInterface. Bean already defined with the same name! 
2022-09-30 03:42:46 -- WARN  -- [main] -- org.mybatis.spring.mapper.ClassPathMapperScanner Line:44  --- Skipping MapperFactoryBean with name 'IOperationMapper' and 'com.joyadata.cms.mapper.IOperationMapper' mapperInterface. Bean already defined with the same name! 
2022-09-30 03:42:46 -- WARN  -- [main] -- org.mybatis.spring.mapper.ClassPathMapperScanner Line:44  --- Skipping MapperFactoryBean with name 'IRolePermissionDataScopeMapper' and 'com.joyadata.cms.mapper.IRolePermissionDataScopeMapper' mapperInterface. Bean already defined with the same name! 
2022-09-30 03:42:46 -- WARN  -- [main] -- org.mybatis.spring.mapper.ClassPathMapperScanner Line:44  --- Skipping MapperFactoryBean with name 'IApprovalCategoryVariableMapper' and 'com.joyadata.cms.mapper.IApprovalCategoryVariableMapper' mapperInterface. Bean already defined with the same name! 
2022-09-30 03:42:46 -- WARN  -- [main] -- org.mybatis.spring.mapper.ClassPathMapperScanner Line:44  --- Skipping MapperFactoryBean with name 'IApprovalVariableRecordMapper' and 'com.joyadata.cms.mapper.IApprovalVariableRecordMapper' mapperInterface. Bean already defined with the same name! 
2022-09-30 03:42:46 -- WARN  -- [main] -- org.mybatis.spring.mapper.ClassPathMapperScanner Line:44  --- Skipping MapperFactoryBean with name 'IApprovalModelMapper' and 'com.joyadata.cms.mapper.IApprovalModelMapper' mapperInterface. Bean already defined with the same name! 
2022-09-30 03:42:46 -- WARN  -- [main] -- org.mybatis.spring.mapper.ClassPathMapperScanner Line:44  --- Skipping MapperFactoryBean with name 'IUserMapper' and 'com.joyadata.cms.mapper.IUserMapper' mapperInterface. Bean already defined with the same name! 
2022-09-30 03:42:46 -- WARN  -- [main] -- org.mybatis.spring.mapper.ClassPathMapperScanner Line:44  --- Skipping MapperFactoryBean with name 'IApprovalNodeVariableMapper' and 'com.joyadata.cms.mapper.IApprovalNodeVariableMapper' mapperInterface. Bean already defined with the same name! 
2022-09-30 03:42:46 -- WARN  -- [main] -- org.mybatis.spring.mapper.ClassPathMapperScanner Line:44  --- Skipping MapperFactoryBean with name 'IDutyMapper' and 'com.joyadata.cms.mapper.IDutyMapper' mapperInterface. Bean already defined with the same name! 
2022-09-30 03:42:46 -- WARN  -- [main] -- org.mybatis.spring.mapper.ClassPathMapperScanner Line:44  --- Skipping MapperFactoryBean with name 'IRoleOperationMappingMapper' and 'com.joyadata.cms.mapper.IRoleOperationMappingMapper' mapperInterface. Bean already defined with the same name! 
2022-09-30 03:42:46 -- WARN  -- [main] -- org.mybatis.spring.mapper.ClassPathMapperScanner Line:44  --- Skipping MapperFactoryBean with name 'ISysDictMapper' and 'com.joyadata.cms.mapper.ISysDictMapper' mapperInterface. Bean already defined with the same name! 
2022-09-30 03:42:46 -- WARN  -- [main] -- org.mybatis.spring.mapper.ClassPathMapperScanner Line:44  --- Skipping MapperFactoryBean with name 'ITaskErrorMapper' and 'com.joyadata.cms.mapper.ITaskErrorMapper' mapperInterface. Bean already defined with the same name! 
2022-09-30 03:42:46 -- WARN  -- [main] -- org.mybatis.spring.mapper.ClassPathMapperScanner Line:44  --- Skipping MapperFactoryBean with name 'IThresholdMapper' and 'com.joyadata.cms.mapper.IThresholdMapper' mapperInterface. Bean already defined with the same name! 
2022-09-30 03:42:46 -- WARN  -- [main] -- org.mybatis.spring.mapper.ClassPathMapperScanner Line:44  --- Skipping MapperFactoryBean with name 'IApprovalAuditMapper' and 'com.joyadata.cms.mapper.IApprovalAuditMapper' mapperInterface. Bean already defined with the same name! 
2022-09-30 03:42:46 -- WARN  -- [main] -- org.mybatis.spring.mapper.ClassPathMapperScanner Line:44  --- Skipping MapperFactoryBean with name 'IApprovalSettingMapper' and 'com.joyadata.cms.mapper.IApprovalSettingMapper' mapperInterface. Bean already defined with the same name! 
2022-09-30 03:42:46 -- WARN  -- [main] -- org.mybatis.spring.mapper.ClassPathMapperScanner Line:44  --- Skipping MapperFactoryBean with name 'IApprovalNodeMapper' and 'com.joyadata.cms.mapper.IApprovalNodeMapper' mapperInterface. Bean already defined with the same name! 
2022-09-30 03:42:46 -- WARN  -- [main] -- org.mybatis.spring.mapper.ClassPathMapperScanner Line:44  --- Skipping MapperFactoryBean with name 'IJobMapper' and 'com.joyadata.cms.mapper.IJobMapper' mapperInterface. Bean already defined with the same name! 
2022-09-30 03:42:46 -- WARN  -- [main] -- org.mybatis.spring.mapper.ClassPathMapperScanner Line:44  --- Skipping MapperFactoryBean with name 'IPermissionMapper' and 'com.joyadata.cms.mapper.IPermissionMapper' mapperInterface. Bean already defined with the same name! 
2022-09-30 03:42:46 -- WARN  -- [main] -- org.mybatis.spring.mapper.ClassPathMapperScanner Line:44  --- Skipping MapperFactoryBean with name 'IDirMapper' and 'com.joyadata.cms.mapper.IDirMapper' mapperInterface. Bean already defined with the same name! 
2022-09-30 03:42:46 -- WARN  -- [main] -- org.mybatis.spring.mapper.ClassPathMapperScanner Line:44  --- Skipping MapperFactoryBean with name 'ITestMapper' and 'com.joyadata.cms.test.mapper.ITestMapper' mapperInterface. Bean already defined with the same name! 
2022-09-30 03:42:46 -- WARN  -- [main] -- org.mybatis.spring.mapper.ClassPathMapperScanner Line:44  --- No MyBatis mapper was found in '[com.joyadata.cms]' package. Please check your configuration. 
2022-09-30 03:42:53 -- WARN  -- [main] -- o.s.b.a.freemarker.FreeMarkerAutoConfiguration Line:65  --- Cannot find template location(s): [classpath:/templates/] (please add some templates, check your FreeMarker configuration, or set spring.freemarker.checkTemplateLocation=false) 
2022-09-30 03:42:53 -- WARN  -- [main] -- o.s.b.a.s.s.UserDetailsServiceAutoConfiguration Line:88  --- 

Using generated security password: 91089357-0b47-498e-a832-b2c7790bf06b

This generated password is for development use only. Your security configuration must be updated before running your application in production.
 
2022-09-30 03:42:54 -- WARN  -- [main] -- o.s.c.l.c.LoadBalancerCacheAutoConfiguration$LoadBalancerCaffeineWarnLogger Line:82  --- Spring Cloud LoadBalancer is currently working with the default cache. While this cache implementation is useful for development and tests, it's recommended to use Caffeine cache in production.You can switch to using Caffeine cache, by adding it and org.springframework.cache.caffeine.CaffeineCacheManager to the classpath. 
2022-09-30 03:43:03 -- WARN  -- [Thread-20] -- com.alibaba.nacos.common.notify.NotifyCenter Line:145 --- [NotifyCenter] Start destroying Publisher 
2022-09-30 03:43:03 -- WARN  -- [Thread-20] -- com.alibaba.nacos.common.notify.NotifyCenter Line:162 --- [NotifyCenter] Destruction of the end 
2022-09-30 03:43:03 -- WARN  -- [Thread-2] -- com.alibaba.nacos.common.http.HttpClientBeanHolder Line:108 --- [HttpClientBeanHolder] Start destroying common HttpClient 
2022-09-30 03:43:03 -- WARN  -- [Thread-2] -- com.alibaba.nacos.common.http.HttpClientBeanHolder Line:114 --- [HttpClientBeanHolder] Destruction of the end 
2022-09-30 03:43:09 -- WARN  -- [SpringApplicationShutdownHook] -- com.alibaba.nacos.client.naming Line:72  --- [NamingHttpClientManager] Start destroying NacosRestTemplate 
2022-09-30 03:43:09 -- WARN  -- [SpringApplicationShutdownHook] -- com.alibaba.nacos.client.naming Line:79  --- [NamingHttpClientManager] Destruction of the end 
2022-09-30 03:43:09 -- WARN  -- [SpringApplicationShutdownHook] -- o.s.beans.factory.support.DisposableBeanAdapter Line:329 --- Custom destroy method 'close' on bean with name 'nacosServiceRegistry' threw an exception: java.lang.NullPointerException 
2022-09-30 03:51:21 -- WARN  -- [main] -- c.a.cloud.nacos.client.NacosPropertySourceBuilder Line:87  --- Ignore the empty nacos configuration and get it based on dataId[joyadata-cms-cindasc] & group[DEFAULT_GROUP] 
2022-09-30 03:51:21 -- WARN  -- [main] -- c.a.cloud.nacos.client.NacosPropertySourceBuilder Line:87  --- Ignore the empty nacos configuration and get it based on dataId[joyadata-cms-cindasc.properties] & group[DEFAULT_GROUP] 
2022-09-30 03:51:21 -- WARN  -- [main] -- c.a.cloud.nacos.client.NacosPropertySourceBuilder Line:87  --- Ignore the empty nacos configuration and get it based on dataId[joyadata-cms-cindasc-dev.properties] & group[DEFAULT_GROUP] 
2022-09-30 03:51:23 -- WARN  -- [main] -- org.mybatis.spring.mapper.ClassPathMapperScanner Line:44  --- Skipping MapperFactoryBean with name 'IQueryResultLabelMapper' and 'com.joyadata.cms.mapper.IQueryResultLabelMapper' mapperInterface. Bean already defined with the same name! 
2022-09-30 03:51:23 -- WARN  -- [main] -- org.mybatis.spring.mapper.ClassPathMapperScanner Line:44  --- Skipping MapperFactoryBean with name 'ITestSqlMapper' and 'com.joyadata.cms.mapper.ITestSqlMapper' mapperInterface. Bean already defined with the same name! 
2022-09-30 03:51:23 -- WARN  -- [main] -- org.mybatis.spring.mapper.ClassPathMapperScanner Line:44  --- Skipping MapperFactoryBean with name 'IRoleMapper' and 'com.joyadata.cms.mapper.IRoleMapper' mapperInterface. Bean already defined with the same name! 
2022-09-30 03:51:23 -- WARN  -- [main] -- org.mybatis.spring.mapper.ClassPathMapperScanner Line:44  --- Skipping MapperFactoryBean with name 'IMenuMapper' and 'com.joyadata.cms.mapper.IMenuMapper' mapperInterface. Bean already defined with the same name! 
2022-09-30 03:51:23 -- WARN  -- [main] -- org.mybatis.spring.mapper.ClassPathMapperScanner Line:44  --- Skipping MapperFactoryBean with name 'IRolePermissionMappingMapper' and 'com.joyadata.cms.mapper.IRolePermissionMappingMapper' mapperInterface. Bean already defined with the same name! 
2022-09-30 03:51:23 -- WARN  -- [main] -- org.mybatis.spring.mapper.ClassPathMapperScanner Line:44  --- Skipping MapperFactoryBean with name 'IRoleMenuMappingMapper' and 'com.joyadata.cms.mapper.IRoleMenuMappingMapper' mapperInterface. Bean already defined with the same name! 
2022-09-30 03:51:23 -- WARN  -- [main] -- org.mybatis.spring.mapper.ClassPathMapperScanner Line:44  --- Skipping MapperFactoryBean with name 'IDeptMapper' and 'com.joyadata.cms.mapper.IDeptMapper' mapperInterface. Bean already defined with the same name! 
2022-09-30 03:51:23 -- WARN  -- [main] -- org.mybatis.spring.mapper.ClassPathMapperScanner Line:44  --- Skipping MapperFactoryBean with name 'IResumeMapper' and 'com.joyadata.cms.mapper.IResumeMapper' mapperInterface. Bean already defined with the same name! 
2022-09-30 03:51:23 -- WARN  -- [main] -- org.mybatis.spring.mapper.ClassPathMapperScanner Line:44  --- Skipping MapperFactoryBean with name 'IOne2OneMapper' and 'com.joyadata.cms.mapper.IOne2OneMapper' mapperInterface. Bean already defined with the same name! 
2022-09-30 03:51:23 -- WARN  -- [main] -- org.mybatis.spring.mapper.ClassPathMapperScanner Line:44  --- Skipping MapperFactoryBean with name 'IApprovalRevokeRecordMapper' and 'com.joyadata.cms.mapper.IApprovalRevokeRecordMapper' mapperInterface. Bean already defined with the same name! 
2022-09-30 03:51:23 -- WARN  -- [main] -- org.mybatis.spring.mapper.ClassPathMapperScanner Line:44  --- Skipping MapperFactoryBean with name 'IOneMapper' and 'com.joyadata.cms.mapper.IOneMapper' mapperInterface. Bean already defined with the same name! 
2022-09-30 03:51:23 -- WARN  -- [main] -- org.mybatis.spring.mapper.ClassPathMapperScanner Line:44  --- Skipping MapperFactoryBean with name 'ITaskWarnMapper' and 'com.joyadata.cms.mapper.ITaskWarnMapper' mapperInterface. Bean already defined with the same name! 
2022-09-30 03:51:23 -- WARN  -- [main] -- org.mybatis.spring.mapper.ClassPathMapperScanner Line:44  --- Skipping MapperFactoryBean with name 'IApprovalProcessMapper' and 'com.joyadata.cms.mapper.IApprovalProcessMapper' mapperInterface. Bean already defined with the same name! 
2022-09-30 03:51:23 -- WARN  -- [main] -- org.mybatis.spring.mapper.ClassPathMapperScanner Line:44  --- Skipping MapperFactoryBean with name 'IQueryParamMapper' and 'com.joyadata.cms.mapper.IQueryParamMapper' mapperInterface. Bean already defined with the same name! 
2022-09-30 03:51:23 -- WARN  -- [main] -- org.mybatis.spring.mapper.ClassPathMapperScanner Line:44  --- Skipping MapperFactoryBean with name 'IRoleUserMappingMapper' and 'com.joyadata.cms.mapper.IRoleUserMappingMapper' mapperInterface. Bean already defined with the same name! 
2022-09-30 03:51:23 -- WARN  -- [main] -- org.mybatis.spring.mapper.ClassPathMapperScanner Line:44  --- Skipping MapperFactoryBean with name 'IApprovalCategoryMapper' and 'com.joyadata.cms.mapper.IApprovalCategoryMapper' mapperInterface. Bean already defined with the same name! 
2022-09-30 03:51:23 -- WARN  -- [main] -- org.mybatis.spring.mapper.ClassPathMapperScanner Line:44  --- Skipping MapperFactoryBean with name 'IRoleDirMappingMapper' and 'com.joyadata.cms.mapper.IRoleDirMappingMapper' mapperInterface. Bean already defined with the same name! 
2022-09-30 03:51:23 -- WARN  -- [main] -- org.mybatis.spring.mapper.ClassPathMapperScanner Line:44  --- Skipping MapperFactoryBean with name 'IWorkNoticeMapper' and 'com.joyadata.cms.mapper.IWorkNoticeMapper' mapperInterface. Bean already defined with the same name! 
2022-09-30 03:51:23 -- WARN  -- [main] -- org.mybatis.spring.mapper.ClassPathMapperScanner Line:44  --- Skipping MapperFactoryBean with name 'IApprovalSponsorRecordMapper' and 'com.joyadata.cms.mapper.IApprovalSponsorRecordMapper' mapperInterface. Bean already defined with the same name! 
2022-09-30 03:51:23 -- WARN  -- [main] -- org.mybatis.spring.mapper.ClassPathMapperScanner Line:44  --- Skipping MapperFactoryBean with name 'IApprovalNodeRecordMapper' and 'com.joyadata.cms.mapper.IApprovalNodeRecordMapper' mapperInterface. Bean already defined with the same name! 
2022-09-30 03:51:23 -- WARN  -- [main] -- org.mybatis.spring.mapper.ClassPathMapperScanner Line:44  --- Skipping MapperFactoryBean with name 'IApprovalProcessAuditorMapper' and 'com.joyadata.cms.mapper.IApprovalProcessAuditorMapper' mapperInterface. Bean already defined with the same name! 
2022-09-30 03:51:23 -- WARN  -- [main] -- org.mybatis.spring.mapper.ClassPathMapperScanner Line:44  --- Skipping MapperFactoryBean with name 'IWorkTodoMapper' and 'com.joyadata.cms.mapper.IWorkTodoMapper' mapperInterface. Bean already defined with the same name! 
2022-09-30 03:51:23 -- WARN  -- [main] -- org.mybatis.spring.mapper.ClassPathMapperScanner Line:44  --- Skipping MapperFactoryBean with name 'IQueryApiMapper' and 'com.joyadata.cms.mapper.IQueryApiMapper' mapperInterface. Bean already defined with the same name! 
2022-09-30 03:51:23 -- WARN  -- [main] -- org.mybatis.spring.mapper.ClassPathMapperScanner Line:44  --- Skipping MapperFactoryBean with name 'IOperationMapper' and 'com.joyadata.cms.mapper.IOperationMapper' mapperInterface. Bean already defined with the same name! 
2022-09-30 03:51:23 -- WARN  -- [main] -- org.mybatis.spring.mapper.ClassPathMapperScanner Line:44  --- Skipping MapperFactoryBean with name 'IRolePermissionDataScopeMapper' and 'com.joyadata.cms.mapper.IRolePermissionDataScopeMapper' mapperInterface. Bean already defined with the same name! 
2022-09-30 03:51:23 -- WARN  -- [main] -- org.mybatis.spring.mapper.ClassPathMapperScanner Line:44  --- Skipping MapperFactoryBean with name 'IApprovalCategoryVariableMapper' and 'com.joyadata.cms.mapper.IApprovalCategoryVariableMapper' mapperInterface. Bean already defined with the same name! 
2022-09-30 03:51:23 -- WARN  -- [main] -- org.mybatis.spring.mapper.ClassPathMapperScanner Line:44  --- Skipping MapperFactoryBean with name 'IApprovalVariableRecordMapper' and 'com.joyadata.cms.mapper.IApprovalVariableRecordMapper' mapperInterface. Bean already defined with the same name! 
2022-09-30 03:51:23 -- WARN  -- [main] -- org.mybatis.spring.mapper.ClassPathMapperScanner Line:44  --- Skipping MapperFactoryBean with name 'IApprovalModelMapper' and 'com.joyadata.cms.mapper.IApprovalModelMapper' mapperInterface. Bean already defined with the same name! 
2022-09-30 03:51:23 -- WARN  -- [main] -- org.mybatis.spring.mapper.ClassPathMapperScanner Line:44  --- Skipping MapperFactoryBean with name 'IUserMapper' and 'com.joyadata.cms.mapper.IUserMapper' mapperInterface. Bean already defined with the same name! 
2022-09-30 03:51:23 -- WARN  -- [main] -- org.mybatis.spring.mapper.ClassPathMapperScanner Line:44  --- Skipping MapperFactoryBean with name 'IApprovalNodeVariableMapper' and 'com.joyadata.cms.mapper.IApprovalNodeVariableMapper' mapperInterface. Bean already defined with the same name! 
2022-09-30 03:51:23 -- WARN  -- [main] -- org.mybatis.spring.mapper.ClassPathMapperScanner Line:44  --- Skipping MapperFactoryBean with name 'IDutyMapper' and 'com.joyadata.cms.mapper.IDutyMapper' mapperInterface. Bean already defined with the same name! 
2022-09-30 03:51:23 -- WARN  -- [main] -- org.mybatis.spring.mapper.ClassPathMapperScanner Line:44  --- Skipping MapperFactoryBean with name 'IRoleOperationMappingMapper' and 'com.joyadata.cms.mapper.IRoleOperationMappingMapper' mapperInterface. Bean already defined with the same name! 
2022-09-30 03:51:23 -- WARN  -- [main] -- org.mybatis.spring.mapper.ClassPathMapperScanner Line:44  --- Skipping MapperFactoryBean with name 'ISysDictMapper' and 'com.joyadata.cms.mapper.ISysDictMapper' mapperInterface. Bean already defined with the same name! 
2022-09-30 03:51:23 -- WARN  -- [main] -- org.mybatis.spring.mapper.ClassPathMapperScanner Line:44  --- Skipping MapperFactoryBean with name 'ITaskErrorMapper' and 'com.joyadata.cms.mapper.ITaskErrorMapper' mapperInterface. Bean already defined with the same name! 
2022-09-30 03:51:23 -- WARN  -- [main] -- org.mybatis.spring.mapper.ClassPathMapperScanner Line:44  --- Skipping MapperFactoryBean with name 'IThresholdMapper' and 'com.joyadata.cms.mapper.IThresholdMapper' mapperInterface. Bean already defined with the same name! 
2022-09-30 03:51:23 -- WARN  -- [main] -- org.mybatis.spring.mapper.ClassPathMapperScanner Line:44  --- Skipping MapperFactoryBean with name 'IApprovalAuditMapper' and 'com.joyadata.cms.mapper.IApprovalAuditMapper' mapperInterface. Bean already defined with the same name! 
2022-09-30 03:51:23 -- WARN  -- [main] -- org.mybatis.spring.mapper.ClassPathMapperScanner Line:44  --- Skipping MapperFactoryBean with name 'IApprovalSettingMapper' and 'com.joyadata.cms.mapper.IApprovalSettingMapper' mapperInterface. Bean already defined with the same name! 
2022-09-30 03:51:23 -- WARN  -- [main] -- org.mybatis.spring.mapper.ClassPathMapperScanner Line:44  --- Skipping MapperFactoryBean with name 'IApprovalNodeMapper' and 'com.joyadata.cms.mapper.IApprovalNodeMapper' mapperInterface. Bean already defined with the same name! 
2022-09-30 03:51:23 -- WARN  -- [main] -- org.mybatis.spring.mapper.ClassPathMapperScanner Line:44  --- Skipping MapperFactoryBean with name 'IJobMapper' and 'com.joyadata.cms.mapper.IJobMapper' mapperInterface. Bean already defined with the same name! 
2022-09-30 03:51:23 -- WARN  -- [main] -- org.mybatis.spring.mapper.ClassPathMapperScanner Line:44  --- Skipping MapperFactoryBean with name 'IPermissionMapper' and 'com.joyadata.cms.mapper.IPermissionMapper' mapperInterface. Bean already defined with the same name! 
2022-09-30 03:51:23 -- WARN  -- [main] -- org.mybatis.spring.mapper.ClassPathMapperScanner Line:44  --- Skipping MapperFactoryBean with name 'IDirMapper' and 'com.joyadata.cms.mapper.IDirMapper' mapperInterface. Bean already defined with the same name! 
2022-09-30 03:51:23 -- WARN  -- [main] -- org.mybatis.spring.mapper.ClassPathMapperScanner Line:44  --- Skipping MapperFactoryBean with name 'ITestMapper' and 'com.joyadata.cms.test.mapper.ITestMapper' mapperInterface. Bean already defined with the same name! 
2022-09-30 03:51:23 -- WARN  -- [main] -- org.mybatis.spring.mapper.ClassPathMapperScanner Line:44  --- No MyBatis mapper was found in '[com.joyadata.cms]' package. Please check your configuration. 
2022-09-30 03:51:29 -- WARN  -- [main] -- o.s.b.a.freemarker.FreeMarkerAutoConfiguration Line:65  --- Cannot find template location(s): [classpath:/templates/] (please add some templates, check your FreeMarker configuration, or set spring.freemarker.checkTemplateLocation=false) 
2022-09-30 03:51:29 -- WARN  -- [main] -- o.s.b.a.s.s.UserDetailsServiceAutoConfiguration Line:88  --- 

Using generated security password: 5f834f44-8b15-4afb-bf37-4ed1a331f1aa

This generated password is for development use only. Your security configuration must be updated before running your application in production.
 
2022-09-30 03:51:30 -- WARN  -- [main] -- o.s.c.l.c.LoadBalancerCacheAutoConfiguration$LoadBalancerCaffeineWarnLogger Line:82  --- Spring Cloud LoadBalancer is currently working with the default cache. While this cache implementation is useful for development and tests, it's recommended to use Caffeine cache in production.You can switch to using Caffeine cache, by adding it and org.springframework.cache.caffeine.CaffeineCacheManager to the classpath. 
2022-09-30 07:35:46 -- WARN  -- [main] -- c.a.cloud.nacos.client.NacosPropertySourceBuilder Line:87  --- Ignore the empty nacos configuration and get it based on dataId[joyadata-cms-cindasc] & group[DEFAULT_GROUP] 
2022-09-30 07:35:46 -- WARN  -- [main] -- c.a.cloud.nacos.client.NacosPropertySourceBuilder Line:87  --- Ignore the empty nacos configuration and get it based on dataId[joyadata-cms-cindasc.properties] & group[DEFAULT_GROUP] 
2022-09-30 07:35:46 -- WARN  -- [main] -- c.a.cloud.nacos.client.NacosPropertySourceBuilder Line:87  --- Ignore the empty nacos configuration and get it based on dataId[joyadata-cms-cindasc-dev.properties] & group[DEFAULT_GROUP] 
2022-09-30 07:35:48 -- WARN  -- [main] -- org.mybatis.spring.mapper.ClassPathMapperScanner Line:44  --- Skipping MapperFactoryBean with name 'IQueryResultLabelMapper' and 'com.joyadata.cms.mapper.IQueryResultLabelMapper' mapperInterface. Bean already defined with the same name! 
2022-09-30 07:35:48 -- WARN  -- [main] -- org.mybatis.spring.mapper.ClassPathMapperScanner Line:44  --- Skipping MapperFactoryBean with name 'ITestSqlMapper' and 'com.joyadata.cms.mapper.ITestSqlMapper' mapperInterface. Bean already defined with the same name! 
2022-09-30 07:35:48 -- WARN  -- [main] -- org.mybatis.spring.mapper.ClassPathMapperScanner Line:44  --- Skipping MapperFactoryBean with name 'IRoleMapper' and 'com.joyadata.cms.mapper.IRoleMapper' mapperInterface. Bean already defined with the same name! 
2022-09-30 07:35:48 -- WARN  -- [main] -- org.mybatis.spring.mapper.ClassPathMapperScanner Line:44  --- Skipping MapperFactoryBean with name 'IMenuMapper' and 'com.joyadata.cms.mapper.IMenuMapper' mapperInterface. Bean already defined with the same name! 
2022-09-30 07:35:48 -- WARN  -- [main] -- org.mybatis.spring.mapper.ClassPathMapperScanner Line:44  --- Skipping MapperFactoryBean with name 'IRolePermissionMappingMapper' and 'com.joyadata.cms.mapper.IRolePermissionMappingMapper' mapperInterface. Bean already defined with the same name! 
2022-09-30 07:35:48 -- WARN  -- [main] -- org.mybatis.spring.mapper.ClassPathMapperScanner Line:44  --- Skipping MapperFactoryBean with name 'IRoleMenuMappingMapper' and 'com.joyadata.cms.mapper.IRoleMenuMappingMapper' mapperInterface. Bean already defined with the same name! 
2022-09-30 07:35:48 -- WARN  -- [main] -- org.mybatis.spring.mapper.ClassPathMapperScanner Line:44  --- Skipping MapperFactoryBean with name 'IDeptMapper' and 'com.joyadata.cms.mapper.IDeptMapper' mapperInterface. Bean already defined with the same name! 
2022-09-30 07:35:48 -- WARN  -- [main] -- org.mybatis.spring.mapper.ClassPathMapperScanner Line:44  --- Skipping MapperFactoryBean with name 'IResumeMapper' and 'com.joyadata.cms.mapper.IResumeMapper' mapperInterface. Bean already defined with the same name! 
2022-09-30 07:35:48 -- WARN  -- [main] -- org.mybatis.spring.mapper.ClassPathMapperScanner Line:44  --- Skipping MapperFactoryBean with name 'IOne2OneMapper' and 'com.joyadata.cms.mapper.IOne2OneMapper' mapperInterface. Bean already defined with the same name! 
2022-09-30 07:35:48 -- WARN  -- [main] -- org.mybatis.spring.mapper.ClassPathMapperScanner Line:44  --- Skipping MapperFactoryBean with name 'IApprovalRevokeRecordMapper' and 'com.joyadata.cms.mapper.IApprovalRevokeRecordMapper' mapperInterface. Bean already defined with the same name! 
2022-09-30 07:35:48 -- WARN  -- [main] -- org.mybatis.spring.mapper.ClassPathMapperScanner Line:44  --- Skipping MapperFactoryBean with name 'IOneMapper' and 'com.joyadata.cms.mapper.IOneMapper' mapperInterface. Bean already defined with the same name! 
2022-09-30 07:35:48 -- WARN  -- [main] -- org.mybatis.spring.mapper.ClassPathMapperScanner Line:44  --- Skipping MapperFactoryBean with name 'ITaskWarnMapper' and 'com.joyadata.cms.mapper.ITaskWarnMapper' mapperInterface. Bean already defined with the same name! 
2022-09-30 07:35:48 -- WARN  -- [main] -- org.mybatis.spring.mapper.ClassPathMapperScanner Line:44  --- Skipping MapperFactoryBean with name 'IApprovalProcessMapper' and 'com.joyadata.cms.mapper.IApprovalProcessMapper' mapperInterface. Bean already defined with the same name! 
2022-09-30 07:35:48 -- WARN  -- [main] -- org.mybatis.spring.mapper.ClassPathMapperScanner Line:44  --- Skipping MapperFactoryBean with name 'IQueryParamMapper' and 'com.joyadata.cms.mapper.IQueryParamMapper' mapperInterface. Bean already defined with the same name! 
2022-09-30 07:35:48 -- WARN  -- [main] -- org.mybatis.spring.mapper.ClassPathMapperScanner Line:44  --- Skipping MapperFactoryBean with name 'IRoleUserMappingMapper' and 'com.joyadata.cms.mapper.IRoleUserMappingMapper' mapperInterface. Bean already defined with the same name! 
2022-09-30 07:35:48 -- WARN  -- [main] -- org.mybatis.spring.mapper.ClassPathMapperScanner Line:44  --- Skipping MapperFactoryBean with name 'IApprovalCategoryMapper' and 'com.joyadata.cms.mapper.IApprovalCategoryMapper' mapperInterface. Bean already defined with the same name! 
2022-09-30 07:35:48 -- WARN  -- [main] -- org.mybatis.spring.mapper.ClassPathMapperScanner Line:44  --- Skipping MapperFactoryBean with name 'IRoleDirMappingMapper' and 'com.joyadata.cms.mapper.IRoleDirMappingMapper' mapperInterface. Bean already defined with the same name! 
2022-09-30 07:35:48 -- WARN  -- [main] -- org.mybatis.spring.mapper.ClassPathMapperScanner Line:44  --- Skipping MapperFactoryBean with name 'IWorkNoticeMapper' and 'com.joyadata.cms.mapper.IWorkNoticeMapper' mapperInterface. Bean already defined with the same name! 
2022-09-30 07:35:48 -- WARN  -- [main] -- org.mybatis.spring.mapper.ClassPathMapperScanner Line:44  --- Skipping MapperFactoryBean with name 'IApprovalSponsorRecordMapper' and 'com.joyadata.cms.mapper.IApprovalSponsorRecordMapper' mapperInterface. Bean already defined with the same name! 
2022-09-30 07:35:48 -- WARN  -- [main] -- org.mybatis.spring.mapper.ClassPathMapperScanner Line:44  --- Skipping MapperFactoryBean with name 'IApprovalNodeRecordMapper' and 'com.joyadata.cms.mapper.IApprovalNodeRecordMapper' mapperInterface. Bean already defined with the same name! 
2022-09-30 07:35:48 -- WARN  -- [main] -- org.mybatis.spring.mapper.ClassPathMapperScanner Line:44  --- Skipping MapperFactoryBean with name 'IApprovalProcessAuditorMapper' and 'com.joyadata.cms.mapper.IApprovalProcessAuditorMapper' mapperInterface. Bean already defined with the same name! 
2022-09-30 07:35:48 -- WARN  -- [main] -- org.mybatis.spring.mapper.ClassPathMapperScanner Line:44  --- Skipping MapperFactoryBean with name 'IWorkTodoMapper' and 'com.joyadata.cms.mapper.IWorkTodoMapper' mapperInterface. Bean already defined with the same name! 
2022-09-30 07:35:48 -- WARN  -- [main] -- org.mybatis.spring.mapper.ClassPathMapperScanner Line:44  --- Skipping MapperFactoryBean with name 'IQueryApiMapper' and 'com.joyadata.cms.mapper.IQueryApiMapper' mapperInterface. Bean already defined with the same name! 
2022-09-30 07:35:48 -- WARN  -- [main] -- org.mybatis.spring.mapper.ClassPathMapperScanner Line:44  --- Skipping MapperFactoryBean with name 'IOperationMapper' and 'com.joyadata.cms.mapper.IOperationMapper' mapperInterface. Bean already defined with the same name! 
2022-09-30 07:35:48 -- WARN  -- [main] -- org.mybatis.spring.mapper.ClassPathMapperScanner Line:44  --- Skipping MapperFactoryBean with name 'IRolePermissionDataScopeMapper' and 'com.joyadata.cms.mapper.IRolePermissionDataScopeMapper' mapperInterface. Bean already defined with the same name! 
2022-09-30 07:35:48 -- WARN  -- [main] -- org.mybatis.spring.mapper.ClassPathMapperScanner Line:44  --- Skipping MapperFactoryBean with name 'IApprovalCategoryVariableMapper' and 'com.joyadata.cms.mapper.IApprovalCategoryVariableMapper' mapperInterface. Bean already defined with the same name! 
2022-09-30 07:35:48 -- WARN  -- [main] -- org.mybatis.spring.mapper.ClassPathMapperScanner Line:44  --- Skipping MapperFactoryBean with name 'IApprovalVariableRecordMapper' and 'com.joyadata.cms.mapper.IApprovalVariableRecordMapper' mapperInterface. Bean already defined with the same name! 
2022-09-30 07:35:48 -- WARN  -- [main] -- org.mybatis.spring.mapper.ClassPathMapperScanner Line:44  --- Skipping MapperFactoryBean with name 'IApprovalModelMapper' and 'com.joyadata.cms.mapper.IApprovalModelMapper' mapperInterface. Bean already defined with the same name! 
2022-09-30 07:35:48 -- WARN  -- [main] -- org.mybatis.spring.mapper.ClassPathMapperScanner Line:44  --- Skipping MapperFactoryBean with name 'IUserMapper' and 'com.joyadata.cms.mapper.IUserMapper' mapperInterface. Bean already defined with the same name! 
2022-09-30 07:35:48 -- WARN  -- [main] -- org.mybatis.spring.mapper.ClassPathMapperScanner Line:44  --- Skipping MapperFactoryBean with name 'IApprovalNodeVariableMapper' and 'com.joyadata.cms.mapper.IApprovalNodeVariableMapper' mapperInterface. Bean already defined with the same name! 
2022-09-30 07:35:48 -- WARN  -- [main] -- org.mybatis.spring.mapper.ClassPathMapperScanner Line:44  --- Skipping MapperFactoryBean with name 'IDutyMapper' and 'com.joyadata.cms.mapper.IDutyMapper' mapperInterface. Bean already defined with the same name! 
2022-09-30 07:35:48 -- WARN  -- [main] -- org.mybatis.spring.mapper.ClassPathMapperScanner Line:44  --- Skipping MapperFactoryBean with name 'IRoleOperationMappingMapper' and 'com.joyadata.cms.mapper.IRoleOperationMappingMapper' mapperInterface. Bean already defined with the same name! 
2022-09-30 07:35:48 -- WARN  -- [main] -- org.mybatis.spring.mapper.ClassPathMapperScanner Line:44  --- Skipping MapperFactoryBean with name 'ISysDictMapper' and 'com.joyadata.cms.mapper.ISysDictMapper' mapperInterface. Bean already defined with the same name! 
2022-09-30 07:35:48 -- WARN  -- [main] -- org.mybatis.spring.mapper.ClassPathMapperScanner Line:44  --- Skipping MapperFactoryBean with name 'ITaskErrorMapper' and 'com.joyadata.cms.mapper.ITaskErrorMapper' mapperInterface. Bean already defined with the same name! 
2022-09-30 07:35:48 -- WARN  -- [main] -- org.mybatis.spring.mapper.ClassPathMapperScanner Line:44  --- Skipping MapperFactoryBean with name 'IThresholdMapper' and 'com.joyadata.cms.mapper.IThresholdMapper' mapperInterface. Bean already defined with the same name! 
2022-09-30 07:35:48 -- WARN  -- [main] -- org.mybatis.spring.mapper.ClassPathMapperScanner Line:44  --- Skipping MapperFactoryBean with name 'IApprovalAuditMapper' and 'com.joyadata.cms.mapper.IApprovalAuditMapper' mapperInterface. Bean already defined with the same name! 
2022-09-30 07:35:48 -- WARN  -- [main] -- org.mybatis.spring.mapper.ClassPathMapperScanner Line:44  --- Skipping MapperFactoryBean with name 'IApprovalSettingMapper' and 'com.joyadata.cms.mapper.IApprovalSettingMapper' mapperInterface. Bean already defined with the same name! 
2022-09-30 07:35:48 -- WARN  -- [main] -- org.mybatis.spring.mapper.ClassPathMapperScanner Line:44  --- Skipping MapperFactoryBean with name 'IApprovalNodeMapper' and 'com.joyadata.cms.mapper.IApprovalNodeMapper' mapperInterface. Bean already defined with the same name! 
2022-09-30 07:35:48 -- WARN  -- [main] -- org.mybatis.spring.mapper.ClassPathMapperScanner Line:44  --- Skipping MapperFactoryBean with name 'IJobMapper' and 'com.joyadata.cms.mapper.IJobMapper' mapperInterface. Bean already defined with the same name! 
2022-09-30 07:35:48 -- WARN  -- [main] -- org.mybatis.spring.mapper.ClassPathMapperScanner Line:44  --- Skipping MapperFactoryBean with name 'IPermissionMapper' and 'com.joyadata.cms.mapper.IPermissionMapper' mapperInterface. Bean already defined with the same name! 
2022-09-30 07:35:48 -- WARN  -- [main] -- org.mybatis.spring.mapper.ClassPathMapperScanner Line:44  --- Skipping MapperFactoryBean with name 'IDirMapper' and 'com.joyadata.cms.mapper.IDirMapper' mapperInterface. Bean already defined with the same name! 
2022-09-30 07:35:48 -- WARN  -- [main] -- org.mybatis.spring.mapper.ClassPathMapperScanner Line:44  --- Skipping MapperFactoryBean with name 'ITestMapper' and 'com.joyadata.cms.test.mapper.ITestMapper' mapperInterface. Bean already defined with the same name! 
2022-09-30 07:35:48 -- WARN  -- [main] -- org.mybatis.spring.mapper.ClassPathMapperScanner Line:44  --- No MyBatis mapper was found in '[com.joyadata.cms]' package. Please check your configuration. 
2022-09-30 07:35:54 -- WARN  -- [main] -- o.s.b.a.freemarker.FreeMarkerAutoConfiguration Line:65  --- Cannot find template location(s): [classpath:/templates/] (please add some templates, check your FreeMarker configuration, or set spring.freemarker.checkTemplateLocation=false) 
2022-09-30 07:35:54 -- WARN  -- [main] -- o.s.b.a.s.s.UserDetailsServiceAutoConfiguration Line:88  --- 

Using generated security password: b289bdcf-efca-4525-bd1c-97c6025558cf

This generated password is for development use only. Your security configuration must be updated before running your application in production.
 
2022-09-30 07:35:54 -- WARN  -- [main] -- o.s.c.l.c.LoadBalancerCacheAutoConfiguration$LoadBalancerCaffeineWarnLogger Line:82  --- Spring Cloud LoadBalancer is currently working with the default cache. While this cache implementation is useful for development and tests, it's recommended to use Caffeine cache in production.You can switch to using Caffeine cache, by adding it and org.springframework.cache.caffeine.CaffeineCacheManager to the classpath. 
2022-09-30 07:52:03 -- WARN  -- [main] -- c.a.cloud.nacos.client.NacosPropertySourceBuilder Line:87  --- Ignore the empty nacos configuration and get it based on dataId[joyadata-cms-cindasc] & group[DEFAULT_GROUP] 
2022-09-30 07:52:03 -- WARN  -- [main] -- c.a.cloud.nacos.client.NacosPropertySourceBuilder Line:87  --- Ignore the empty nacos configuration and get it based on dataId[joyadata-cms-cindasc.properties] & group[DEFAULT_GROUP] 
2022-09-30 07:52:03 -- WARN  -- [main] -- c.a.cloud.nacos.client.NacosPropertySourceBuilder Line:87  --- Ignore the empty nacos configuration and get it based on dataId[joyadata-cms-cindasc-dev.properties] & group[DEFAULT_GROUP] 
2022-09-30 07:52:05 -- WARN  -- [main] -- org.mybatis.spring.mapper.ClassPathMapperScanner Line:44  --- Skipping MapperFactoryBean with name 'IQueryResultLabelMapper' and 'com.joyadata.cms.mapper.IQueryResultLabelMapper' mapperInterface. Bean already defined with the same name! 
2022-09-30 07:52:05 -- WARN  -- [main] -- org.mybatis.spring.mapper.ClassPathMapperScanner Line:44  --- Skipping MapperFactoryBean with name 'ITestSqlMapper' and 'com.joyadata.cms.mapper.ITestSqlMapper' mapperInterface. Bean already defined with the same name! 
2022-09-30 07:52:05 -- WARN  -- [main] -- org.mybatis.spring.mapper.ClassPathMapperScanner Line:44  --- Skipping MapperFactoryBean with name 'IRoleMapper' and 'com.joyadata.cms.mapper.IRoleMapper' mapperInterface. Bean already defined with the same name! 
2022-09-30 07:52:05 -- WARN  -- [main] -- org.mybatis.spring.mapper.ClassPathMapperScanner Line:44  --- Skipping MapperFactoryBean with name 'IMenuMapper' and 'com.joyadata.cms.mapper.IMenuMapper' mapperInterface. Bean already defined with the same name! 
2022-09-30 07:52:05 -- WARN  -- [main] -- org.mybatis.spring.mapper.ClassPathMapperScanner Line:44  --- Skipping MapperFactoryBean with name 'IRolePermissionMappingMapper' and 'com.joyadata.cms.mapper.IRolePermissionMappingMapper' mapperInterface. Bean already defined with the same name! 
2022-09-30 07:52:05 -- WARN  -- [main] -- org.mybatis.spring.mapper.ClassPathMapperScanner Line:44  --- Skipping MapperFactoryBean with name 'IRoleMenuMappingMapper' and 'com.joyadata.cms.mapper.IRoleMenuMappingMapper' mapperInterface. Bean already defined with the same name! 
2022-09-30 07:52:05 -- WARN  -- [main] -- org.mybatis.spring.mapper.ClassPathMapperScanner Line:44  --- Skipping MapperFactoryBean with name 'IDeptMapper' and 'com.joyadata.cms.mapper.IDeptMapper' mapperInterface. Bean already defined with the same name! 
2022-09-30 07:52:05 -- WARN  -- [main] -- org.mybatis.spring.mapper.ClassPathMapperScanner Line:44  --- Skipping MapperFactoryBean with name 'IResumeMapper' and 'com.joyadata.cms.mapper.IResumeMapper' mapperInterface. Bean already defined with the same name! 
2022-09-30 07:52:05 -- WARN  -- [main] -- org.mybatis.spring.mapper.ClassPathMapperScanner Line:44  --- Skipping MapperFactoryBean with name 'IOne2OneMapper' and 'com.joyadata.cms.mapper.IOne2OneMapper' mapperInterface. Bean already defined with the same name! 
2022-09-30 07:52:05 -- WARN  -- [main] -- org.mybatis.spring.mapper.ClassPathMapperScanner Line:44  --- Skipping MapperFactoryBean with name 'IApprovalRevokeRecordMapper' and 'com.joyadata.cms.mapper.IApprovalRevokeRecordMapper' mapperInterface. Bean already defined with the same name! 
2022-09-30 07:52:05 -- WARN  -- [main] -- org.mybatis.spring.mapper.ClassPathMapperScanner Line:44  --- Skipping MapperFactoryBean with name 'IOneMapper' and 'com.joyadata.cms.mapper.IOneMapper' mapperInterface. Bean already defined with the same name! 
2022-09-30 07:52:05 -- WARN  -- [main] -- org.mybatis.spring.mapper.ClassPathMapperScanner Line:44  --- Skipping MapperFactoryBean with name 'ITaskWarnMapper' and 'com.joyadata.cms.mapper.ITaskWarnMapper' mapperInterface. Bean already defined with the same name! 
2022-09-30 07:52:05 -- WARN  -- [main] -- org.mybatis.spring.mapper.ClassPathMapperScanner Line:44  --- Skipping MapperFactoryBean with name 'IApprovalProcessMapper' and 'com.joyadata.cms.mapper.IApprovalProcessMapper' mapperInterface. Bean already defined with the same name! 
2022-09-30 07:52:05 -- WARN  -- [main] -- org.mybatis.spring.mapper.ClassPathMapperScanner Line:44  --- Skipping MapperFactoryBean with name 'IQueryParamMapper' and 'com.joyadata.cms.mapper.IQueryParamMapper' mapperInterface. Bean already defined with the same name! 
2022-09-30 07:52:05 -- WARN  -- [main] -- org.mybatis.spring.mapper.ClassPathMapperScanner Line:44  --- Skipping MapperFactoryBean with name 'IRoleUserMappingMapper' and 'com.joyadata.cms.mapper.IRoleUserMappingMapper' mapperInterface. Bean already defined with the same name! 
2022-09-30 07:52:05 -- WARN  -- [main] -- org.mybatis.spring.mapper.ClassPathMapperScanner Line:44  --- Skipping MapperFactoryBean with name 'IApprovalCategoryMapper' and 'com.joyadata.cms.mapper.IApprovalCategoryMapper' mapperInterface. Bean already defined with the same name! 
2022-09-30 07:52:05 -- WARN  -- [main] -- org.mybatis.spring.mapper.ClassPathMapperScanner Line:44  --- Skipping MapperFactoryBean with name 'IRoleDirMappingMapper' and 'com.joyadata.cms.mapper.IRoleDirMappingMapper' mapperInterface. Bean already defined with the same name! 
2022-09-30 07:52:05 -- WARN  -- [main] -- org.mybatis.spring.mapper.ClassPathMapperScanner Line:44  --- Skipping MapperFactoryBean with name 'IWorkNoticeMapper' and 'com.joyadata.cms.mapper.IWorkNoticeMapper' mapperInterface. Bean already defined with the same name! 
2022-09-30 07:52:05 -- WARN  -- [main] -- org.mybatis.spring.mapper.ClassPathMapperScanner Line:44  --- Skipping MapperFactoryBean with name 'IApprovalSponsorRecordMapper' and 'com.joyadata.cms.mapper.IApprovalSponsorRecordMapper' mapperInterface. Bean already defined with the same name! 
2022-09-30 07:52:05 -- WARN  -- [main] -- org.mybatis.spring.mapper.ClassPathMapperScanner Line:44  --- Skipping MapperFactoryBean with name 'IApprovalNodeRecordMapper' and 'com.joyadata.cms.mapper.IApprovalNodeRecordMapper' mapperInterface. Bean already defined with the same name! 
2022-09-30 07:52:05 -- WARN  -- [main] -- org.mybatis.spring.mapper.ClassPathMapperScanner Line:44  --- Skipping MapperFactoryBean with name 'IApprovalProcessAuditorMapper' and 'com.joyadata.cms.mapper.IApprovalProcessAuditorMapper' mapperInterface. Bean already defined with the same name! 
2022-09-30 07:52:05 -- WARN  -- [main] -- org.mybatis.spring.mapper.ClassPathMapperScanner Line:44  --- Skipping MapperFactoryBean with name 'IWorkTodoMapper' and 'com.joyadata.cms.mapper.IWorkTodoMapper' mapperInterface. Bean already defined with the same name! 
2022-09-30 07:52:05 -- WARN  -- [main] -- org.mybatis.spring.mapper.ClassPathMapperScanner Line:44  --- Skipping MapperFactoryBean with name 'IQueryApiMapper' and 'com.joyadata.cms.mapper.IQueryApiMapper' mapperInterface. Bean already defined with the same name! 
2022-09-30 07:52:05 -- WARN  -- [main] -- org.mybatis.spring.mapper.ClassPathMapperScanner Line:44  --- Skipping MapperFactoryBean with name 'IOperationMapper' and 'com.joyadata.cms.mapper.IOperationMapper' mapperInterface. Bean already defined with the same name! 
2022-09-30 07:52:05 -- WARN  -- [main] -- org.mybatis.spring.mapper.ClassPathMapperScanner Line:44  --- Skipping MapperFactoryBean with name 'IRolePermissionDataScopeMapper' and 'com.joyadata.cms.mapper.IRolePermissionDataScopeMapper' mapperInterface. Bean already defined with the same name! 
2022-09-30 07:52:05 -- WARN  -- [main] -- org.mybatis.spring.mapper.ClassPathMapperScanner Line:44  --- Skipping MapperFactoryBean with name 'IApprovalCategoryVariableMapper' and 'com.joyadata.cms.mapper.IApprovalCategoryVariableMapper' mapperInterface. Bean already defined with the same name! 
2022-09-30 07:52:05 -- WARN  -- [main] -- org.mybatis.spring.mapper.ClassPathMapperScanner Line:44  --- Skipping MapperFactoryBean with name 'IApprovalVariableRecordMapper' and 'com.joyadata.cms.mapper.IApprovalVariableRecordMapper' mapperInterface. Bean already defined with the same name! 
2022-09-30 07:52:05 -- WARN  -- [main] -- org.mybatis.spring.mapper.ClassPathMapperScanner Line:44  --- Skipping MapperFactoryBean with name 'IApprovalModelMapper' and 'com.joyadata.cms.mapper.IApprovalModelMapper' mapperInterface. Bean already defined with the same name! 
2022-09-30 07:52:05 -- WARN  -- [main] -- org.mybatis.spring.mapper.ClassPathMapperScanner Line:44  --- Skipping MapperFactoryBean with name 'IUserMapper' and 'com.joyadata.cms.mapper.IUserMapper' mapperInterface. Bean already defined with the same name! 
2022-09-30 07:52:05 -- WARN  -- [main] -- org.mybatis.spring.mapper.ClassPathMapperScanner Line:44  --- Skipping MapperFactoryBean with name 'IApprovalNodeVariableMapper' and 'com.joyadata.cms.mapper.IApprovalNodeVariableMapper' mapperInterface. Bean already defined with the same name! 
2022-09-30 07:52:05 -- WARN  -- [main] -- org.mybatis.spring.mapper.ClassPathMapperScanner Line:44  --- Skipping MapperFactoryBean with name 'IDutyMapper' and 'com.joyadata.cms.mapper.IDutyMapper' mapperInterface. Bean already defined with the same name! 
2022-09-30 07:52:05 -- WARN  -- [main] -- org.mybatis.spring.mapper.ClassPathMapperScanner Line:44  --- Skipping MapperFactoryBean with name 'IRoleOperationMappingMapper' and 'com.joyadata.cms.mapper.IRoleOperationMappingMapper' mapperInterface. Bean already defined with the same name! 
2022-09-30 07:52:05 -- WARN  -- [main] -- org.mybatis.spring.mapper.ClassPathMapperScanner Line:44  --- Skipping MapperFactoryBean with name 'ISysDictMapper' and 'com.joyadata.cms.mapper.ISysDictMapper' mapperInterface. Bean already defined with the same name! 
2022-09-30 07:52:05 -- WARN  -- [main] -- org.mybatis.spring.mapper.ClassPathMapperScanner Line:44  --- Skipping MapperFactoryBean with name 'ITaskErrorMapper' and 'com.joyadata.cms.mapper.ITaskErrorMapper' mapperInterface. Bean already defined with the same name! 
2022-09-30 07:52:05 -- WARN  -- [main] -- org.mybatis.spring.mapper.ClassPathMapperScanner Line:44  --- Skipping MapperFactoryBean with name 'IThresholdMapper' and 'com.joyadata.cms.mapper.IThresholdMapper' mapperInterface. Bean already defined with the same name! 
2022-09-30 07:52:05 -- WARN  -- [main] -- org.mybatis.spring.mapper.ClassPathMapperScanner Line:44  --- Skipping MapperFactoryBean with name 'IApprovalAuditMapper' and 'com.joyadata.cms.mapper.IApprovalAuditMapper' mapperInterface. Bean already defined with the same name! 
2022-09-30 07:52:05 -- WARN  -- [main] -- org.mybatis.spring.mapper.ClassPathMapperScanner Line:44  --- Skipping MapperFactoryBean with name 'IApprovalSettingMapper' and 'com.joyadata.cms.mapper.IApprovalSettingMapper' mapperInterface. Bean already defined with the same name! 
2022-09-30 07:52:05 -- WARN  -- [main] -- org.mybatis.spring.mapper.ClassPathMapperScanner Line:44  --- Skipping MapperFactoryBean with name 'IApprovalNodeMapper' and 'com.joyadata.cms.mapper.IApprovalNodeMapper' mapperInterface. Bean already defined with the same name! 
2022-09-30 07:52:05 -- WARN  -- [main] -- org.mybatis.spring.mapper.ClassPathMapperScanner Line:44  --- Skipping MapperFactoryBean with name 'IJobMapper' and 'com.joyadata.cms.mapper.IJobMapper' mapperInterface. Bean already defined with the same name! 
2022-09-30 07:52:05 -- WARN  -- [main] -- org.mybatis.spring.mapper.ClassPathMapperScanner Line:44  --- Skipping MapperFactoryBean with name 'IPermissionMapper' and 'com.joyadata.cms.mapper.IPermissionMapper' mapperInterface. Bean already defined with the same name! 
2022-09-30 07:52:05 -- WARN  -- [main] -- org.mybatis.spring.mapper.ClassPathMapperScanner Line:44  --- Skipping MapperFactoryBean with name 'IDirMapper' and 'com.joyadata.cms.mapper.IDirMapper' mapperInterface. Bean already defined with the same name! 
2022-09-30 07:52:05 -- WARN  -- [main] -- org.mybatis.spring.mapper.ClassPathMapperScanner Line:44  --- Skipping MapperFactoryBean with name 'ITestMapper' and 'com.joyadata.cms.test.mapper.ITestMapper' mapperInterface. Bean already defined with the same name! 
2022-09-30 07:52:05 -- WARN  -- [main] -- org.mybatis.spring.mapper.ClassPathMapperScanner Line:44  --- No MyBatis mapper was found in '[com.joyadata.cms]' package. Please check your configuration. 
2022-09-30 07:52:10 -- WARN  -- [main] -- o.s.b.a.freemarker.FreeMarkerAutoConfiguration Line:65  --- Cannot find template location(s): [classpath:/templates/] (please add some templates, check your FreeMarker configuration, or set spring.freemarker.checkTemplateLocation=false) 
2022-09-30 07:52:10 -- WARN  -- [main] -- o.s.b.a.s.s.UserDetailsServiceAutoConfiguration Line:88  --- 

Using generated security password: 18d216be-a6b7-46ea-bcad-d99d71644703

This generated password is for development use only. Your security configuration must be updated before running your application in production.
 
2022-09-30 07:52:11 -- WARN  -- [main] -- o.s.c.l.c.LoadBalancerCacheAutoConfiguration$LoadBalancerCaffeineWarnLogger Line:82  --- Spring Cloud LoadBalancer is currently working with the default cache. While this cache implementation is useful for development and tests, it's recommended to use Caffeine cache in production.You can switch to using Caffeine cache, by adding it and org.springframework.cache.caffeine.CaffeineCacheManager to the classpath. 
2022-09-30 07:52:12 -- WARN  -- [main] -- com.zaxxer.hikari.HikariConfig Line:1092 --- HikariPool-1 - idleTimeout has been set but has no effect because the pool is operating as a fixed size pool. 
